+-------+-----+------+-----+-----+-----+--------+------------------------------------+--------+--------+---------+--------+--------+--------+--------+--------+-----------+------------+---------------+-----------+
| COUNT | 1XX | 2XX  | 3XX | 4XX | 5XX | METHOD |                URI                 |  MIN   |  MAX   |   SUM   |  AVG   |  P90   |  P95   |  P99   | STDDEV | MIN(BODY) | MAX(BODY)  |   SUM(BODY)   | AVG(BODY) |
+-------+-----+------+-----+-----+-----+--------+------------------------------------+--------+--------+---------+--------+--------+--------+--------+--------+-----------+------------+---------------+-----------+
| 4920  | 0   | 4918 | 0   | 2   | 0   | GET    | /api/user/[0-9a-zA-Z]+/icon        | 0.004  | 0.560  | 197.176 | 0.040  | 0.096  | 0.140  | 0.248  | 0.050  | 65371.000 | 171831.000 | 277626576.000 | 56428.166 |
| 522   | 0   | 518  | 0   | 4   | 0   | GET    | /api/livestream/[0-9]+/reaction    | 0.004  | 1.224  | 158.008 | 0.303  | 0.676  | 0.816  | 1.068  | 0.263  | 0.000     | 61869.000  | 8006491.000   | 15338.105 |
| 24    | 0   | 22   | 0   | 2   | 0   | POST   | /api/livestream/[0-9]+/moderate    | 0.296  | 17.944 | 124.364 | 5.182  | 8.464  | 12.464 | 17.944 | 3.473  | 0.000     | 23.000     | 506.000       | 21.083    |
| 530   | 0   | 519  | 0   | 11  | 0   | POST   | /api/livestream/[0-9]+/livecomment | 0.004  | 0.476  | 77.392  | 0.146  | 0.216  | 0.244  | 0.356  | 0.061  | 0.000     | 2728.000   | 1028465.000   | 1940.500  |
| 489   | 0   | 489  | 0   | 0   | 0   | GET    | /api/livestream/[0-9]+/livecomment | 0.004  | 0.484  | 69.476  | 0.142  | 0.264  | 0.296  | 0.384  | 0.084  | 3.000     | 65488.000  | 8932415.000   | 18266.697 |
| 59    | 0   | 58   | 0   | 1   | 0   | GET    | /api/livestream/search             | 0.060  | 2.120  | 54.840  | 0.929  | 1.856  | 1.964  | 2.120  | 0.557  | 0.000     | 126848.000 | 4323089.000   | 73272.695 |
| 266   | 0   | 264  | 0   | 1   | 1   | POST   | /api/register                      | 0.004  | 0.596  | 50.644  | 0.190  | 0.272  | 0.304  | 0.456  | 0.073  | 67.000    | 504.000    | 123638.000    | 464.805   |
| 97    | 0   | 93   | 0   | 4   | 0   | POST   | /api/livestream/reservation        | 0.180  | 1.192  | 46.720  | 0.482  | 0.888  | 0.980  | 1.192  | 0.353  | 0.000     | 1471.000   | 104985.000    | 1082.320  |
| 451   | 0   | 451  | 0   | 0   | 0   | POST   | /api/livestream/[0-9]+/reaction    | 0.004  | 0.336  | 34.140  | 0.076  | 0.144  | 0.192  | 0.276  | 0.053  | 1552.000  | 2217.000   | 833387.000    | 1847.865  |
| 265   | 0   | 257  | 0   | 1   | 7   | POST   | /api/icon                          | 0.008  | 0.396  | 21.528  | 0.081  | 0.160  | 0.216  | 0.312  | 0.063  | 0.000     | 154.000    | 5087.000      | 19.196    |
| 1     | 0   | 1    | 0   | 0   | 0   | POST   | /api/initialize                    | 11.716 | 11.716 | 11.716  | 11.716 | 11.716 | 11.716 | 11.716 | 0.000  | 27.000    | 27.000     | 27.000        | 27.000    |
| 272   | 0   | 270  | 0   | 2   | 0   | POST   | /api/login                         | 0.004  | 0.408  | 11.068  | 0.041  | 0.108  | 0.160  | 0.320  | 0.059  | 0.000     | 64.000     | 128.000       | 0.471     |
| 62    | 0   | 62   | 0   | 0   | 0   | GET    | /api/livestream                    | 0.016  | 0.336  | 6.452   | 0.104  | 0.184  | 0.200  | 0.336  | 0.068  | 3.000     | 22517.000  | 119895.000    | 1933.790  |
| 11    | 0   | 11   | 0   | 0   | 0   | GET    | /api/user/[0-9a-zA-Z]+/statistics  | 0.032  | 0.636  | 4.472   | 0.407  | 0.544  | 0.636  | 0.636  | 0.188  | 133.000   | 151.000    | 1527.000      | 138.818   |
| 80    | 0   | 80   | 0   | 0   | 0   | GET    | /api/tag                           | 0.004  | 0.340  | 4.252   | 0.053  | 0.156  | 0.196  | 0.340  | 0.069  | 6089.000  | 6095.000   | 487402.000    | 6092.525  |
| 30    | 0   | 30   | 0   | 0   | 0   | GET    | /api/livestream/[0-9]+/ngwords     | 0.008  | 0.264  | 3.248   | 0.108  | 0.172  | 0.228  | 0.264  | 0.057  | 5.000     | 143.000    | 810.000       | 27.000    |
| 52    | 0   | 52   | 0   | 0   | 0   | POST   | /api/livestream/[0-9]+/enter       | 0.004  | 0.212  | 2.868   | 0.055  | 0.128  | 0.156  | 0.212  | 0.048  | 0.000     | 0.000      | 0.000         | 0.000     |
| 40    | 0   | 39   | 0   | 0   | 1   | GET    | /api/livestream/[0-9]+/report      | 0.004  | 0.332  | 2.516   | 0.063  | 0.172  | 0.180  | 0.332  | 0.080  | 3.000     | 16651.000  | 71738.000     | 1793.450  |
| 42    | 0   | 41   | 0   | 1   | 0   | DELETE | /api/livestream/[0-9]+/exit        | 0.004  | 0.192  | 2.060   | 0.049  | 0.128  | 0.156  | 0.192  | 0.048  | 0.000     | 0.000      | 0.000         | 0.000     |
| 9     | 0   | 9    | 0   | 0   | 0   | GET    | /api/user/[0-9a-zA-Z]+/livestream  | 0.136  | 0.308  | 1.636   | 0.182  | 0.308  | 0.308  | 0.308  | 0.055  | 1229.000  | 2585.000   | 14003.000     | 1555.889  |
| 14    | 0   | 14   | 0   | 0   | 0   | GET    | /api/user/[0-9a-zA-Z]+             | 0.004  | 0.072  | 0.320   | 0.023  | 0.060  | 0.072  | 0.072  | 0.025  | 38.000    | 247.000    | 1344.000      | 96.000    |
| 2     | 0   | 2    | 0   | 0   | 0   | GET    | /api/livestream/[0-9]+/statistics  | 0.012  | 0.012  | 0.024   | 0.012  | 0.012  | 0.012  | 0.012  | 0.000  | 100.000   | 102.000    | 202.000       | 101.000   |
| 1     | 0   | 1    | 0   | 0   | 0   | GET    | /api/livestream/[0-9]+             | 0.004  | 0.004  | 0.004   | 0.004  | 0.004  | 0.004  | 0.004  | 0.000  | 1471.000  | 1471.000   | 1471.000      | 1471.000  |
| 1     | 0   | 1    | 0   | 0   | 0   | GET    | /api/payment                       | 0.004  | 0.004  | 0.004   | 0.004  | 0.004  | 0.004  | 0.004  | 0.000  | 21.000    | 21.000     | 21.000        | 21.000    |
+-------+-----+------+-----+-----+-----+--------+------------------------------------+--------+--------+---------+--------+--------+--------+--------+--------+-----------+------------+---------------+-----------+
